# JRE version: OpenJDK Runtime Environment Temurin-17.0.6+10 (17.0.6+10) (build 17.0.6+10)
# Java VM: OpenJDK 64-Bit Server VM Temurin-17.0.6+10 (17.0.6+10, mixed mode, emulated-client, tiered, compressed oops, compressed class ptrs, g1 gc, windows-amd64)
GC Precious Log:
 CPUs: 8 total, 8 available
 Memory: 16219M
 Large Page Support: Disabled
 NUMA Support: Disabled
 Compressed Oops: Enabled (32-bit)
 Heap Region Size: 1M
 Heap Min Capacity: 8M
 Heap Initial Capacity: 254M
 Heap Max Capacity: 1G
 Pre-touch: Disabled
 Parallel Workers: 8
 Concurrent Workers: 2
 Concurrent Refinement Workers: 8
 Periodic GC: Disabled
Heap:
 garbage-first heap   total 276480K, used 81973K [0x00000000c0000000, 0x0000000100000000)
  region size 1024K, 1 young (1024K), 0 survivors (0K)
 Metaspace       used 69958K, committed 70592K, reserved 1114112K
  class space    used 9509K, committed 9792K, reserved 1048576K
GC Heap History (20 events):
Event: 6871.388 GC heap before
{Heap before GC invocations=499 (full 451):
 garbage-first heap   total 276480K, used 81973K [0x00000000c0000000, 0x0000000100000000)
  region size 1024K, 1 young (1024K), 0 survivors (0K)
 Metaspace       used 69958K, committed 70592K, reserved 1114112K
  class space    used 9509K, committed 9792K, reserved 1048576K
}
Event: 6871.496 GC heap after
{Heap after GC invocations=500 (full 452):
 garbage-first heap   total 276480K, used 81973K [0x00000000c0000000, 0x0000000100000000)
  region size 1024K, 0 young (0K), 0 survivors (0K)
 Metaspace       used 69958K, committed 70592K, reserved 1114112K
  class space    used 9509K, committed 9792K, reserved 1048576K
}
Event: 6881.647 GC heap before
{Heap before GC invocations=500 (full 452):
 garbage-first heap   total 276480K, used 81973K [0x00000000c0000000, 0x0000000100000000)
  region size 1024K, 1 young (1024K), 0 survivors (0K)
 Metaspace       used 69958K, committed 70592K, reserved 1114112K
  class space    used 9509K, committed 9792K, reserved 1048576K
}
Event: 6881.762 GC heap after
{Heap after GC invocations=501 (full 453):
 garbage-first heap   total 276480K, used 81973K [0x00000000c0000000, 0x0000000100000000)
  region size 1024K, 0 young (0K), 0 survivors (0K)
 Metaspace       used 69958K, committed 70592K, reserved 1114112K
  class space    used 9509K, committed 9792K, reserved 1048576K
}
Event: 6891.930 GC heap before
{Heap before GC invocations=501 (full 453):
 garbage-first heap   total 276480K, used 81973K [0x00000000c0000000, 0x0000000100000000)
  region size 1024K, 1 young (1024K), 0 survivors (0K)
 Metaspace       used 69958K, committed 70592K, reserved 1114112K
  class space    used 9509K, committed 9792K, reserved 1048576K
}
Event: 6892.016 GC heap after
{Heap after GC invocations=502 (full 454):
 garbage-first heap   total 276480K, used 81973K [0x00000000c0000000, 0x0000000100000000)
  region size 1024K, 0 young (0K), 0 survivors (0K)
 Metaspace       used 69958K, committed 70592K, reserved 1114112K
  class space    used 9509K, committed 9792K, reserved 1048576K
}
Event: 6902.169 GC heap before
{Heap before GC invocations=502 (full 454):
 garbage-first heap   total 276480K, used 81973K [0x00000000c0000000, 0x0000000100000000)
  region size 1024K, 1 young (1024K), 0 survivors (0K)
 Metaspace       used 69958K, committed 70592K, reserved 1114112K
  class space    used 9509K, committed 9792K, reserved 1048576K
}
Event: 6902.310 GC heap after
{Heap after GC invocations=503 (full 455):
 garbage-first heap   total 276480K, used 81973K [0x00000000c0000000, 0x0000000100000000)
  region size 1024K, 0 young (0K), 0 survivors (0K)
 Metaspace       used 69958K, committed 70592K, reserved 1114112K
  class space    used 9509K, committed 9792K, reserved 1048576K
}
Event: 6912.467 GC heap before
{Heap before GC invocations=503 (full 455):
 garbage-first heap   total 276480K, used 81973K [0x00000000c0000000, 0x0000000100000000)
  region size 1024K, 1 young (1024K), 0 survivors (0K)
 Metaspace       used 69958K, committed 70592K, reserved 1114112K
  class space    used 9509K, committed 9792K, reserved 1048576K
}
Event: 6912.566 GC heap after
{Heap after GC invocations=504 (full 456):
 garbage-first heap   total 276480K, used 81973K [0x00000000c0000000, 0x0000000100000000)
  region size 1024K, 0 young (0K), 0 survivors (0K)
 Metaspace       used 69958K, committed 70592K, reserved 1114112K
  class space    used 9509K, committed 9792K, reserved 1048576K
}
Event: 6922.770 GC heap before
{Heap before GC invocations=504 (full 456):
 garbage-first heap   total 276480K, used 81973K [0x00000000c0000000, 0x0000000100000000)
  region size 1024K, 1 young (1024K), 0 survivors (0K)
 Metaspace       used 69958K, committed 70592K, reserved 1114112K
  class space    used 9509K, committed 9792K, reserved 1048576K
}
Event: 6922.874 GC heap after
{Heap after GC invocations=505 (full 457):
 garbage-first heap   total 276480K, used 81973K [0x00000000c0000000, 0x0000000100000000)
  region size 1024K, 0 young (0K), 0 survivors (0K)
 Metaspace       used 69958K, committed 70592K, reserved 1114112K
  class space    used 9509K, committed 9792K, reserved 1048576K
}
Event: 6933.047 GC heap before
{Heap before GC invocations=505 (full 457):
 garbage-first heap   total 276480K, used 81973K [0x00000000c0000000, 0x0000000100000000)
  region size 1024K, 1 young (1024K), 0 survivors (0K)
 Metaspace       used 69958K, committed 70592K, reserved 1114112K
  class space    used 9509K, committed 9792K, reserved 1048576K
}
Event: 6933.200 GC heap after
{Heap after GC invocations=506 (full 458):
 garbage-first heap   total 276480K, used 81973K [0x00000000c0000000, 0x0000000100000000)
  region size 1024K, 0 young (0K), 0 survivors (0K)
 Metaspace       used 69958K, committed 70592K, reserved 1114112K
  class space    used 9509K, committed 9792K, reserved 1048576K
}
Event: 6943.433 GC heap before
{Heap before GC invocations=506 (full 458):
 garbage-first heap   total 276480K, used 81973K [0x00000000c0000000, 0x0000000100000000)
  region size 1024K, 1 young (1024K), 0 survivors (0K)
 Metaspace       used 69958K, committed 70592K, reserved 1114112K
  class space    used 9509K, committed 9792K, reserved 1048576K
}
Event: 6943.548 GC heap after
{Heap after GC invocations=507 (full 459):
 garbage-first heap   total 276480K, used 81973K [0x00000000c0000000, 0x0000000100000000)
  region size 1024K, 0 young (0K), 0 survivors (0K)
 Metaspace       used 69958K, committed 70592K, reserved 1114112K
  class space    used 9509K, committed 9792K, reserved 1048576K
}
Event: 6953.769 GC heap before
{Heap before GC invocations=507 (full 459):
 garbage-first heap   total 276480K, used 81973K [0x00000000c0000000, 0x0000000100000000)
  region size 1024K, 1 young (1024K), 0 survivors (0K)
 Metaspace       used 69958K, committed 70592K, reserved 1114112K
  class space    used 9509K, committed 9792K, reserved 1048576K
}
Event: 6953.858 GC heap after
{Heap after GC invocations=508 (full 460):
 garbage-first heap   total 276480K, used 81973K [0x00000000c0000000, 0x0000000100000000)
  region size 1024K, 0 young (0K), 0 survivors (0K)
 Metaspace       used 69958K, committed 70592K, reserved 1114112K
  class space    used 9509K, committed 9792K, reserved 1048576K
}
Event: 6964.381 GC heap before
{Heap before GC invocations=508 (full 460):
 garbage-first heap   total 276480K, used 81973K [0x00000000c0000000, 0x0000000100000000)
  region size 1024K, 1 young (1024K), 0 survivors (0K)
 Metaspace       used 69958K, committed 70592K, reserved 1114112K
  class space    used 9509K, committed 9792K, reserved 1048576K
}
Event: 6964.553 GC heap after
{Heap after GC invocations=509 (full 461):
 garbage-first heap   total 276480K, used 81973K [0x00000000c0000000, 0x0000000100000000)
  region size 1024K, 0 young (0K), 0 survivors (0K)
 Metaspace       used 69958K, committed 70592K, reserved 1114112K
  class space    used 9509K, committed 9792K, reserved 1048576K
}

