# JRE version: OpenJDK Runtime Environment Temurin-17.0.6+10 (17.0.6+10) (build 17.0.6+10)
# Java VM: OpenJDK 64-Bit Server VM Temurin-17.0.6+10 (17.0.6+10, mixed mode, emulated-client, tiered, compressed oops, compressed class ptrs, g1 gc, windows-amd64)
GC Precious Log:
 CPUs: 8 total, 8 available
 Memory: 16219M
 Large Page Support: Disabled
 NUMA Support: Disabled
 Compressed Oops: Enabled (32-bit)
 Heap Region Size: 1M
 Heap Min Capacity: 8M
 Heap Initial Capacity: 254M
 Heap Max Capacity: 1G
 Pre-touch: Disabled
 Parallel Workers: 8
 Concurrent Workers: 2
 Concurrent Refinement Workers: 8
 Periodic GC: Disabled
Heap:
 garbage-first heap   total 245760K, used 79823K [0x00000000c0000000, 0x0000000100000000)
  region size 1024K, 1 young (1024K), 0 survivors (0K)
 Metaspace       used 71879K, committed 72384K, reserved 1114112K
  class space    used 9817K, committed 10048K, reserved 1048576K
GC Heap History (20 events):
Event: 188901.958 GC heap before
{Heap before GC invocations=2326 (full 2179):
 garbage-first heap   total 245760K, used 79824K [0x00000000c0000000, 0x0000000100000000)
  region size 1024K, 1 young (1024K), 0 survivors (0K)
 Metaspace       used 71879K, committed 72384K, reserved 1114112K
  class space    used 9817K, committed 10048K, reserved 1048576K
}
Event: 188902.033 GC heap after
{Heap after GC invocations=2327 (full 2180):
 garbage-first heap   total 245760K, used 79824K [0x00000000c0000000, 0x0000000100000000)
  region size 1024K, 0 young (0K), 0 survivors (0K)
 Metaspace       used 71879K, committed 72384K, reserved 1114112K
  class space    used 9817K, committed 10048K, reserved 1048576K
}
Event: 188912.297 GC heap before
{Heap before GC invocations=2327 (full 2180):
 garbage-first heap   total 245760K, used 79824K [0x00000000c0000000, 0x0000000100000000)
  region size 1024K, 1 young (1024K), 0 survivors (0K)
 Metaspace       used 71879K, committed 72384K, reserved 1114112K
  class space    used 9817K, committed 10048K, reserved 1048576K
}
Event: 188912.378 GC heap after
{Heap after GC invocations=2328 (full 2181):
 garbage-first heap   total 245760K, used 79824K [0x00000000c0000000, 0x0000000100000000)
  region size 1024K, 0 young (0K), 0 survivors (0K)
 Metaspace       used 71879K, committed 72384K, reserved 1114112K
  class space    used 9817K, committed 10048K, reserved 1048576K
}
Event: 188922.691 GC heap before
{Heap before GC invocations=2328 (full 2181):
 garbage-first heap   total 245760K, used 79824K [0x00000000c0000000, 0x0000000100000000)
  region size 1024K, 1 young (1024K), 0 survivors (0K)
 Metaspace       used 71879K, committed 72384K, reserved 1114112K
  class space    used 9817K, committed 10048K, reserved 1048576K
}
Event: 188922.765 GC heap after
{Heap after GC invocations=2329 (full 2182):
 garbage-first heap   total 245760K, used 79824K [0x00000000c0000000, 0x0000000100000000)
  region size 1024K, 0 young (0K), 0 survivors (0K)
 Metaspace       used 71879K, committed 72384K, reserved 1114112K
  class space    used 9817K, committed 10048K, reserved 1048576K
}
Event: 188933.107 GC heap before
{Heap before GC invocations=2329 (full 2182):
 garbage-first heap   total 245760K, used 79824K [0x00000000c0000000, 0x0000000100000000)
  region size 1024K, 1 young (1024K), 0 survivors (0K)
 Metaspace       used 71879K, committed 72384K, reserved 1114112K
  class space    used 9817K, committed 10048K, reserved 1048576K
}
Event: 188933.193 GC heap after
{Heap after GC invocations=2330 (full 2183):
 garbage-first heap   total 245760K, used 79823K [0x00000000c0000000, 0x0000000100000000)
  region size 1024K, 0 young (0K), 0 survivors (0K)
 Metaspace       used 71879K, committed 72384K, reserved 1114112K
  class space    used 9817K, committed 10048K, reserved 1048576K
}
Event: 188943.474 GC heap before
{Heap before GC invocations=2330 (full 2183):
 garbage-first heap   total 245760K, used 79823K [0x00000000c0000000, 0x0000000100000000)
  region size 1024K, 1 young (1024K), 0 survivors (0K)
 Metaspace       used 71879K, committed 72384K, reserved 1114112K
  class space    used 9817K, committed 10048K, reserved 1048576K
}
Event: 188943.550 GC heap after
{Heap after GC invocations=2331 (full 2184):
 garbage-first heap   total 245760K, used 79823K [0x00000000c0000000, 0x0000000100000000)
  region size 1024K, 0 young (0K), 0 survivors (0K)
 Metaspace       used 71879K, committed 72384K, reserved 1114112K
  class space    used 9817K, committed 10048K, reserved 1048576K
}
Event: 188953.948 GC heap before
{Heap before GC invocations=2331 (full 2184):
 garbage-first heap   total 245760K, used 79823K [0x00000000c0000000, 0x0000000100000000)
  region size 1024K, 1 young (1024K), 0 survivors (0K)
 Metaspace       used 71879K, committed 72384K, reserved 1114112K
  class space    used 9817K, committed 10048K, reserved 1048576K
}
Event: 188954.032 GC heap after
{Heap after GC invocations=2332 (full 2185):
 garbage-first heap   total 245760K, used 79823K [0x00000000c0000000, 0x0000000100000000)
  region size 1024K, 0 young (0K), 0 survivors (0K)
 Metaspace       used 71879K, committed 72384K, reserved 1114112K
  class space    used 9817K, committed 10048K, reserved 1048576K
}
Event: 188964.409 GC heap before
{Heap before GC invocations=2332 (full 2185):
 garbage-first heap   total 245760K, used 79823K [0x00000000c0000000, 0x0000000100000000)
  region size 1024K, 1 young (1024K), 0 survivors (0K)
 Metaspace       used 71879K, committed 72384K, reserved 1114112K
  class space    used 9817K, committed 10048K, reserved 1048576K
}
Event: 188964.496 GC heap after
{Heap after GC invocations=2333 (full 2186):
 garbage-first heap   total 245760K, used 79823K [0x00000000c0000000, 0x0000000100000000)
  region size 1024K, 0 young (0K), 0 survivors (0K)
 Metaspace       used 71879K, committed 72384K, reserved 1114112K
  class space    used 9817K, committed 10048K, reserved 1048576K
}
Event: 188974.847 GC heap before
{Heap before GC invocations=2333 (full 2186):
 garbage-first heap   total 245760K, used 79823K [0x00000000c0000000, 0x0000000100000000)
  region size 1024K, 1 young (1024K), 0 survivors (0K)
 Metaspace       used 71879K, committed 72384K, reserved 1114112K
  class space    used 9817K, committed 10048K, reserved 1048576K
}
Event: 188974.945 GC heap after
{Heap after GC invocations=2334 (full 2187):
 garbage-first heap   total 245760K, used 79823K [0x00000000c0000000, 0x0000000100000000)
  region size 1024K, 0 young (0K), 0 survivors (0K)
 Metaspace       used 71879K, committed 72384K, reserved 1114112K
  class space    used 9817K, committed 10048K, reserved 1048576K
}
Event: 188985.190 GC heap before
{Heap before GC invocations=2334 (full 2187):
 garbage-first heap   total 245760K, used 79823K [0x00000000c0000000, 0x0000000100000000)
  region size 1024K, 1 young (1024K), 0 survivors (0K)
 Metaspace       used 71879K, committed 72384K, reserved 1114112K
  class space    used 9817K, committed 10048K, reserved 1048576K
}
Event: 188985.286 GC heap after
{Heap after GC invocations=2335 (full 2188):
 garbage-first heap   total 245760K, used 79823K [0x00000000c0000000, 0x0000000100000000)
  region size 1024K, 0 young (0K), 0 survivors (0K)
 Metaspace       used 71879K, committed 72384K, reserved 1114112K
  class space    used 9817K, committed 10048K, reserved 1048576K
}
Event: 188995.494 GC heap before
{Heap before GC invocations=2335 (full 2188):
 garbage-first heap   total 245760K, used 79823K [0x00000000c0000000, 0x0000000100000000)
  region size 1024K, 1 young (1024K), 0 survivors (0K)
 Metaspace       used 71879K, committed 72384K, reserved 1114112K
  class space    used 9817K, committed 10048K, reserved 1048576K
}
Event: 188995.570 GC heap after
{Heap after GC invocations=2336 (full 2189):
 garbage-first heap   total 245760K, used 79823K [0x00000000c0000000, 0x0000000100000000)
  region size 1024K, 0 young (0K), 0 survivors (0K)
 Metaspace       used 71879K, committed 72384K, reserved 1114112K
  class space    used 9817K, committed 10048K, reserved 1048576K
}

